<?xml version="1.0" encoding="UTF-8"?>
<testsuite xmlns:xsi="http://www.w3.org/2001/XMLSchema-instance" xsi:noNamespaceSchemaLocation="https://maven.apache.org/surefire/maven-surefire-plugin/xsd/surefire-test-report.xsd" name="slimcomp.ProviderApplicationTest" time="0.105" tests="1" errors="0" skipped="0" failures="0">
  <properties>
    <property name="gopherProxySet" value="false"/>
    <property name="awt.toolkit" value="sun.lwawt.macosx.LWCToolkit"/>
    <property name="file.encoding.pkg" value="sun.io"/>
    <property name="java.specification.version" value="1.8"/>
    <property name="sun.cpu.isalist" value=""/>
    <property name="sun.jnu.encoding" value="UTF-8"/>
    <property name="java.class.path" value="/Users/slimbloody/java_summon/cloud-demo/cloud-provider/target/test-classes:/Users/slimbloody/java_summon/cloud-demo/cloud-provider/target/classes:/Users/slimbloody/.m2/repository/org/springframework/cloud/spring-cloud-starter-netflix-eureka-client/2.2.6.RELEASE/spring-cloud-starter-netflix-eureka-client-2.2.6.RELEASE.jar:/Users/slimbloody/.m2/repository/org/springframework/cloud/spring-cloud-starter/2.2.6.RELEASE/spring-cloud-starter-2.2.6.RELEASE.jar:/Users/slimbloody/.m2/repository/org/springframework/cloud/spring-cloud-context/2.2.6.RELEASE/spring-cloud-context-2.2.6.RELEASE.jar:/Users/slimbloody/.m2/repository/org/springframework/security/spring-security-crypto/5.3.3.RELEASE/spring-security-crypto-5.3.3.RELEASE.jar:/Users/slimbloody/.m2/repository/org/springframework/cloud/spring-cloud-commons/2.2.6.RELEASE/spring-cloud-commons-2.2.6.RELEASE.jar:/Users/slimbloody/.m2/repository/org/springframework/security/spring-security-rsa/1.0.9.RELEASE/spring-security-rsa-1.0.9.RELEASE.jar:/Users/slimbloody/.m2/repository/org/bouncycastle/bcpkix-jdk15on/1.64/bcpkix-jdk15on-1.64.jar:/Users/slimbloody/.m2/repository/org/bouncycastle/bcprov-jdk15on/1.64/bcprov-jdk15on-1.64.jar:/Users/slimbloody/.m2/repository/org/springframework/cloud/spring-cloud-netflix-hystrix/2.2.6.RELEASE/spring-cloud-netflix-hystrix-2.2.6.RELEASE.jar:/Users/slimbloody/.m2/repository/org/springframework/boot/spring-boot-starter-aop/2.3.2.RELEASE/spring-boot-starter-aop-2.3.2.RELEASE.jar:/Users/slimbloody/.m2/repository/org/aspectj/aspectjweaver/1.9.6/aspectjweaver-1.9.6.jar:/Users/slimbloody/.m2/repository/org/springframework/cloud/spring-cloud-netflix-eureka-client/2.2.6.RELEASE/spring-cloud-netflix-eureka-client-2.2.6.RELEASE.jar:/Users/slimbloody/.m2/repository/com/netflix/eureka/eureka-client/1.10.7/eureka-client-1.10.7.jar:/Users/slimbloody/.m2/repository/com/netflix/netflix-commons/netflix-eventbus/0.3.0/netflix-eventbus-0.3.0.jar:/Users/slimbloody/.m2/repository/com/netflix/netflix-commons/netflix-infix/0.3.0/netflix-infix-0.3.0.jar:/Users/slimbloody/.m2/repository/commons-jxpath/commons-jxpath/1.3/commons-jxpath-1.3.jar:/Users/slimbloody/.m2/repository/joda-time/joda-time/2.3/joda-time-2.3.jar:/Users/slimbloody/.m2/repository/org/antlr/antlr-runtime/3.4/antlr-runtime-3.4.jar:/Users/slimbloody/.m2/repository/org/antlr/stringtemplate/3.2.1/stringtemplate-3.2.1.jar:/Users/slimbloody/.m2/repository/com/google/code/gson/gson/2.8.6/gson-2.8.6.jar:/Users/slimbloody/.m2/repository/org/apache/commons/commons-math/2.2/commons-math-2.2.jar:/Users/slimbloody/.m2/repository/com/netflix/archaius/archaius-core/0.7.6/archaius-core-0.7.6.jar:/Users/slimbloody/.m2/repository/com/google/guava/guava/29.0-jre/guava-29.0-jre.jar:/Users/slimbloody/.m2/repository/com/google/guava/failureaccess/1.0.1/failureaccess-1.0.1.jar:/Users/slimbloody/.m2/repository/com/google/guava/listenablefuture/9999.0-empty-to-avoid-conflict-with-guava/listenablefuture-9999.0-empty-to-avoid-conflict-with-guava.jar:/Users/slimbloody/.m2/repository/org/checkerframework/checker-qual/2.11.1/checker-qual-2.11.1.jar:/Users/slimbloody/.m2/repository/com/google/errorprone/error_prone_annotations/2.3.4/error_prone_annotations-2.3.4.jar:/Users/slimbloody/.m2/repository/com/google/j2objc/j2objc-annotations/1.3/j2objc-annotations-1.3.jar:/Users/slimbloody/.m2/repository/javax/ws/rs/jsr311-api/1.1.1/jsr311-api-1.1.1.jar:/Users/slimbloody/.m2/repository/com/netflix/servo/servo-core/0.12.21/servo-core-0.12.21.jar:/Users/slimbloody/.m2/repository/com/sun/jersey/jersey-core/1.19.1/jersey-core-1.19.1.jar:/Users/slimbloody/.m2/repository/com/sun/jersey/jersey-client/1.19.1/jersey-client-1.19.1.jar:/Users/slimbloody/.m2/repository/com/sun/jersey/contribs/jersey-apache-client4/1.19.1/jersey-apache-client4-1.19.1.jar:/Users/slimbloody/.m2/repository/org/apache/httpcomponents/httpclient/4.5.12/httpclient-4.5.12.jar:/Users/slimbloody/.m2/repository/commons-configuration/commons-configuration/1.10/commons-configuration-1.10.jar:/Users/slimbloody/.m2/repository/com/google/inject/guice/4.1.0/guice-4.1.0.jar:/Users/slimbloody/.m2/repository/javax/inject/javax.inject/1/javax.inject-1.jar:/Users/slimbloody/.m2/repository/aopalliance/aopalliance/1.0/aopalliance-1.0.jar:/Users/slimbloody/.m2/repository/com/fasterxml/jackson/core/jackson-annotations/2.11.1/jackson-annotations-2.11.1.jar:/Users/slimbloody/.m2/repository/com/fasterxml/jackson/core/jackson-core/2.11.1/jackson-core-2.11.1.jar:/Users/slimbloody/.m2/repository/com/fasterxml/jackson/core/jackson-databind/2.11.1/jackson-databind-2.11.1.jar:/Users/slimbloody/.m2/repository/org/codehaus/jettison/jettison/1.3.7/jettison-1.3.7.jar:/Users/slimbloody/.m2/repository/stax/stax-api/1.0.1/stax-api-1.0.1.jar:/Users/slimbloody/.m2/repository/com/netflix/eureka/eureka-core/1.10.7/eureka-core-1.10.7.jar:/Users/slimbloody/.m2/repository/com/fasterxml/woodstox/woodstox-core/5.3.0/woodstox-core-5.3.0.jar:/Users/slimbloody/.m2/repository/org/codehaus/woodstox/stax2-api/4.2/stax2-api-4.2.jar:/Users/slimbloody/.m2/repository/org/springframework/cloud/spring-cloud-starter-netflix-archaius/2.2.6.RELEASE/spring-cloud-starter-netflix-archaius-2.2.6.RELEASE.jar:/Users/slimbloody/.m2/repository/org/springframework/cloud/spring-cloud-netflix-ribbon/2.2.6.RELEASE/spring-cloud-netflix-ribbon-2.2.6.RELEASE.jar:/Users/slimbloody/.m2/repository/org/springframework/cloud/spring-cloud-netflix-archaius/2.2.6.RELEASE/spring-cloud-netflix-archaius-2.2.6.RELEASE.jar:/Users/slimbloody/.m2/repository/org/springframework/cloud/spring-cloud-starter-netflix-ribbon/2.2.6.RELEASE/spring-cloud-starter-netflix-ribbon-2.2.6.RELEASE.jar:/Users/slimbloody/.m2/repository/com/netflix/ribbon/ribbon/2.3.0/ribbon-2.3.0.jar:/Users/slimbloody/.m2/repository/com/netflix/ribbon/ribbon-transport/2.3.0/ribbon-transport-2.3.0.jar:/Users/slimbloody/.m2/repository/io/reactivex/rxnetty-contexts/0.4.9/rxnetty-contexts-0.4.9.jar:/Users/slimbloody/.m2/repository/io/reactivex/rxnetty-servo/0.4.9/rxnetty-servo-0.4.9.jar:/Users/slimbloody/.m2/repository/com/netflix/hystrix/hystrix-core/1.5.18/hystrix-core-1.5.18.jar:/Users/slimbloody/.m2/repository/io/reactivex/rxnetty/0.4.9/rxnetty-0.4.9.jar:/Users/slimbloody/.m2/repository/com/netflix/ribbon/ribbon-core/2.3.0/ribbon-core-2.3.0.jar:/Users/slimbloody/.m2/repository/com/netflix/ribbon/ribbon-httpclient/2.3.0/ribbon-httpclient-2.3.0.jar:/Users/slimbloody/.m2/repository/com/netflix/netflix-commons/netflix-commons-util/0.3.0/netflix-commons-util-0.3.0.jar:/Users/slimbloody/.m2/repository/com/netflix/ribbon/ribbon-loadbalancer/2.3.0/ribbon-loadbalancer-2.3.0.jar:/Users/slimbloody/.m2/repository/com/netflix/netflix-commons/netflix-statistics/0.1.1/netflix-statistics-0.1.1.jar:/Users/slimbloody/.m2/repository/io/reactivex/rxjava/1.3.8/rxjava-1.3.8.jar:/Users/slimbloody/.m2/repository/org/springframework/cloud/spring-cloud-starter-loadbalancer/2.2.6.RELEASE/spring-cloud-starter-loadbalancer-2.2.6.RELEASE.jar:/Users/slimbloody/.m2/repository/org/springframework/cloud/spring-cloud-loadbalancer/2.2.6.RELEASE/spring-cloud-loadbalancer-2.2.6.RELEASE.jar:/Users/slimbloody/.m2/repository/org/springframework/boot/spring-boot-starter-validation/2.3.2.RELEASE/spring-boot-starter-validation-2.3.2.RELEASE.jar:/Users/slimbloody/.m2/repository/org/hibernate/validator/hibernate-validator/6.1.5.Final/hibernate-validator-6.1.5.Final.jar:/Users/slimbloody/.m2/repository/jakarta/validation/jakarta.validation-api/2.0.2/jakarta.validation-api-2.0.2.jar:/Users/slimbloody/.m2/repository/org/jboss/logging/jboss-logging/3.4.1.Final/jboss-logging-3.4.1.Final.jar:/Users/slimbloody/.m2/repository/com/fasterxml/classmate/1.5.1/classmate-1.5.1.jar:/Users/slimbloody/.m2/repository/io/projectreactor/reactor-core/3.3.8.RELEASE/reactor-core-3.3.8.RELEASE.jar:/Users/slimbloody/.m2/repository/org/reactivestreams/reactive-streams/1.0.3/reactive-streams-1.0.3.jar:/Users/slimbloody/.m2/repository/io/projectreactor/addons/reactor-extra/3.3.3.RELEASE/reactor-extra-3.3.3.RELEASE.jar:/Users/slimbloody/.m2/repository/org/springframework/boot/spring-boot-starter-cache/2.3.2.RELEASE/spring-boot-starter-cache-2.3.2.RELEASE.jar:/Users/slimbloody/.m2/repository/org/springframework/spring-context-support/5.2.8.RELEASE/spring-context-support-5.2.8.RELEASE.jar:/Users/slimbloody/.m2/repository/com/stoyanr/evictor/1.0.0/evictor-1.0.0.jar:/Users/slimbloody/.m2/repository/com/netflix/ribbon/ribbon-eureka/2.3.0/ribbon-eureka-2.3.0.jar:/Users/slimbloody/.m2/repository/com/thoughtworks/xstream/xstream/1.4.13/xstream-1.4.13.jar:/Users/slimbloody/.m2/repository/xmlpull/xmlpull/1.1.3.1/xmlpull-1.1.3.1.jar:/Users/slimbloody/.m2/repository/xpp3/xpp3_min/1.1.4c/xpp3_min-1.1.4c.jar:/Users/slimbloody/.m2/repository/org/apache/maven/plugins/maven-project-info-reports-plugin/3.0.0/maven-project-info-reports-plugin-3.0.0.jar:/Users/slimbloody/.m2/repository/org/apache/maven/reporting/maven-reporting-api/3.0/maven-reporting-api-3.0.jar:/Users/slimbloody/.m2/repository/org/apache/maven/reporting/maven-reporting-impl/3.0.0/maven-reporting-impl-3.0.0.jar:/Users/slimbloody/.m2/repository/org/apache/maven/shared/maven-shared-utils/3.2.0/maven-shared-utils-3.2.0.jar:/Users/slimbloody/.m2/repository/org/apache/maven/maven-artifact/3.0/maven-artifact-3.0.jar:/Users/slimbloody/.m2/repository/org/apache/maven/maven-core/3.0/maven-core-3.0.jar:/Users/slimbloody/.m2/repository/org/apache/maven/maven-settings-builder/3.0/maven-settings-builder-3.0.jar:/Users/slimbloody/.m2/repository/org/apache/maven/maven-model-builder/3.0/maven-model-builder-3.0.jar:/Users/slimbloody/.m2/repository/org/apache/maven/maven-aether-provider/3.0/maven-aether-provider-3.0.jar:/Users/slimbloody/.m2/repository/org/sonatype/aether/aether-impl/1.7/aether-impl-1.7.jar:/Users/slimbloody/.m2/repository/org/sonatype/aether/aether-spi/1.7/aether-spi-1.7.jar:/Users/slimbloody/.m2/repository/org/sonatype/aether/aether-api/1.7/aether-api-1.7.jar:/Users/slimbloody/.m2/repository/org/sonatype/aether/aether-util/1.7/aether-util-1.7.jar:/Users/slimbloody/.m2/repository/org/sonatype/sisu/sisu-inject-plexus/1.4.2/sisu-inject-plexus-1.4.2.jar:/Users/slimbloody/.m2/repository/org/sonatype/sisu/sisu-inject-bean/1.4.2/sisu-inject-bean-1.4.2.jar:/Users/slimbloody/.m2/repository/org/sonatype/sisu/sisu-guice/2.1.7/sisu-guice-2.1.7-noaop.jar:/Users/slimbloody/.m2/repository/org/codehaus/plexus/plexus-classworlds/2.2.3/plexus-classworlds-2.2.3.jar:/Users/slimbloody/.m2/repository/org/codehaus/plexus/plexus-component-annotations/1.5.5/plexus-component-annotations-1.5.5.jar:/Users/slimbloody/.m2/repository/org/sonatype/plexus/plexus-sec-dispatcher/1.3/plexus-sec-dispatcher-1.3.jar:/Users/slimbloody/.m2/repository/org/sonatype/plexus/plexus-cipher/1.4/plexus-cipher-1.4.jar:/Users/slimbloody/.m2/repository/org/apache/maven/maven-model/3.0/maven-model-3.0.jar:/Users/slimbloody/.m2/repository/org/apache/maven/maven-plugin-api/3.0/maven-plugin-api-3.0.jar:/Users/slimbloody/.m2/repository/org/apache/maven/maven-repository-metadata/3.0/maven-repository-metadata-3.0.jar:/Users/slimbloody/.m2/repository/org/apache/maven/maven-settings/3.0/maven-settings-3.0.jar:/Users/slimbloody/.m2/repository/org/apache/maven/shared/maven-dependency-tree/2.2/maven-dependency-tree-2.2.jar:/Users/slimbloody/.m2/repository/org/eclipse/aether/aether-util/0.9.0.M2/aether-util-0.9.0.M2.jar:/Users/slimbloody/.m2/repository/org/apache/maven/shared/maven-shared-jar/1.2/maven-shared-jar-1.2.jar:/Users/slimbloody/.m2/repository/org/codehaus/plexus/plexus-digest/1.0/plexus-digest-1.0.jar:/Users/slimbloody/.m2/repository/org/codehaus/plexus/plexus-container-default/1.0-alpha-8/plexus-container-default-1.0-alpha-8.jar:/Users/slimbloody/.m2/repository/classworlds/classworlds/1.1-alpha-2/classworlds-1.1-alpha-2.jar:/Users/slimbloody/.m2/repository/commons-collections/commons-collections/3.1/commons-collections-3.1.jar:/Users/slimbloody/.m2/repository/org/apache/bcel/bcel/6.2/bcel-6.2.jar:/Users/slimbloody/.m2/repository/org/apache/maven/shared/maven-common-artifact-filters/3.0.1/maven-common-artifact-filters-3.0.1.jar:/Users/slimbloody/.m2/repository/org/apache/maven/shared/maven-artifact-transfer/0.9.1/maven-artifact-transfer-0.9.1.jar:/Users/slimbloody/.m2/repository/commons-codec/commons-codec/1.14/commons-codec-1.14.jar:/Users/slimbloody/.m2/repository/org/apache/maven/scm/maven-scm-api/1.10.0/maven-scm-api-1.10.0.jar:/Users/slimbloody/.m2/repository/org/apache/maven/scm/maven-scm-manager-plexus/1.10.0/maven-scm-manager-plexus-1.10.0.jar:/Users/slimbloody/.m2/repository/org/apache/maven/scm/maven-scm-provider-hg/1.10.0/maven-scm-provider-hg-1.10.0.jar:/Users/slimbloody/.m2/repository/org/apache/maven/scm/maven-scm-provider-perforce/1.10.0/maven-scm-provider-perforce-1.10.0.jar:/Users/slimbloody/.m2/repository/org/apache/maven/scm/maven-scm-provider-starteam/1.10.0/maven-scm-provider-starteam-1.10.0.jar:/Users/slimbloody/.m2/repository/org/apache/maven/scm/maven-scm-provider-svn-commons/1.10.0/maven-scm-provider-svn-commons-1.10.0.jar:/Users/slimbloody/.m2/repository/org/apache/maven/scm/maven-scm-provider-svnexe/1.10.0/maven-scm-provider-svnexe-1.10.0.jar:/Users/slimbloody/.m2/repository/commons-lang/commons-lang/2.6/commons-lang-2.6.jar:/Users/slimbloody/.m2/repository/org/apache/maven/scm/maven-scm-provider-cvs-commons/1.10.0/maven-scm-provider-cvs-commons-1.10.0.jar:/Users/slimbloody/.m2/repository/org/apache/maven/scm/maven-scm-provider-cvsexe/1.10.0/maven-scm-provider-cvsexe-1.10.0.jar:/Users/slimbloody/.m2/repository/org/apache/maven/scm/maven-scm-provider-cvsjava/1.10.0/maven-scm-provider-cvsjava-1.10.0.jar:/Users/slimbloody/.m2/repository/org/netbeans/lib/cvsclient/20060125/cvsclient-20060125.jar:/Users/slimbloody/.m2/repository/ch/ethz/ganymed/ganymed-ssh2/build210/ganymed-ssh2-build210.jar:/Users/slimbloody/.m2/repository/org/apache/maven/scm/maven-scm-provider-git-commons/1.10.0/maven-scm-provider-git-commons-1.10.0.jar:/Users/slimbloody/.m2/repository/org/apache/maven/scm/maven-scm-provider-gitexe/1.10.0/maven-scm-provider-gitexe-1.10.0.jar:/Users/slimbloody/.m2/repository/commons-io/commons-io/2.2/commons-io-2.2.jar:/Users/slimbloody/.m2/repository/org/apache/maven/doxia/doxia-sink-api/1.8/doxia-sink-api-1.8.jar:/Users/slimbloody/.m2/repository/org/apache/maven/doxia/doxia-logging-api/1.8/doxia-logging-api-1.8.jar:/Users/slimbloody/.m2/repository/org/apache/maven/doxia/doxia-core/1.8/doxia-core-1.8.jar:/Users/slimbloody/.m2/repository/org/apache/commons/commons-lang3/3.10/commons-lang3-3.10.jar:/Users/slimbloody/.m2/repository/org/apache/httpcomponents/httpcore/4.4.13/httpcore-4.4.13.jar:/Users/slimbloody/.m2/repository/org/apache/maven/doxia/doxia-decoration-model/1.8.1/doxia-decoration-model-1.8.1.jar:/Users/slimbloody/.m2/repository/org/apache/maven/doxia/doxia-site-renderer/1.8.1/doxia-site-renderer-1.8.1.jar:/Users/slimbloody/.m2/repository/org/apache/maven/doxia/doxia-skin-model/1.8.1/doxia-skin-model-1.8.1.jar:/Users/slimbloody/.m2/repository/org/apache/maven/doxia/doxia-module-xhtml/1.8/doxia-module-xhtml-1.8.jar:/Users/slimbloody/.m2/repository/org/codehaus/plexus/plexus-velocity/1.2/plexus-velocity-1.2.jar:/Users/slimbloody/.m2/repository/org/apache/velocity/velocity/1.7/velocity-1.7.jar:/Users/slimbloody/.m2/repository/org/apache/velocity/velocity-tools/2.0/velocity-tools-2.0.jar:/Users/slimbloody/.m2/repository/commons-chain/commons-chain/1.1/commons-chain-1.1.jar:/Users/slimbloody/.m2/repository/dom4j/dom4j/1.1/dom4j-1.1.jar:/Users/slimbloody/.m2/repository/oro/oro/2.0.8/oro-2.0.8.jar:/Users/slimbloody/.m2/repository/sslext/sslext/1.2-0/sslext-1.2-0.jar:/Users/slimbloody/.m2/repository/org/apache/struts/struts-core/1.3.8/struts-core-1.3.8.jar:/Users/slimbloody/.m2/repository/antlr/antlr/2.7.7/antlr-2.7.7.jar:/Users/slimbloody/.m2/repository/org/apache/struts/struts-taglib/1.3.8/struts-taglib-1.3.8.jar:/Users/slimbloody/.m2/repository/org/apache/struts/struts-tiles/1.3.8/struts-tiles-1.3.8.jar:/Users/slimbloody/.m2/repository/org/apache/maven/doxia/doxia-integration-tools/1.8.1/doxia-integration-tools-1.8.1.jar:/Users/slimbloody/.m2/repository/org/codehaus/plexus/plexus-i18n/1.0-beta-10/plexus-i18n-1.0-beta-10.jar:/Users/slimbloody/.m2/repository/org/codehaus/plexus/plexus-utils/3.1.0/plexus-utils-3.1.0.jar:/Users/slimbloody/.m2/repository/org/codehaus/plexus/plexus-interpolation/1.25/plexus-interpolation-1.25.jar:/Users/slimbloody/.m2/repository/org/apache/maven/wagon/wagon-http-lightweight/3.1.0/wagon-http-lightweight-3.1.0.jar:/Users/slimbloody/.m2/repository/org/apache/maven/wagon/wagon-http-shared/3.1.0/wagon-http-shared-3.1.0.jar:/Users/slimbloody/.m2/repository/org/jsoup/jsoup/1.11.2/jsoup-1.11.2.jar:/Users/slimbloody/.m2/repository/org/apache/maven/wagon/wagon-provider-api/3.1.0/wagon-provider-api-3.1.0.jar:/Users/slimbloody/.m2/repository/commons-validator/commons-validator/1.6/commons-validator-1.6.jar:/Users/slimbloody/.m2/repository/commons-beanutils/commons-beanutils/1.9.2/commons-beanutils-1.9.2.jar:/Users/slimbloody/.m2/repository/commons-digester/commons-digester/1.8.1/commons-digester-1.8.1.jar:/Users/slimbloody/.m2/repository/commons-logging/commons-logging/1.2/commons-logging-1.2.jar:/Users/slimbloody/java_summon/cloud-demo/common-api/target/common-api.jar:/Users/slimbloody/.m2/repository/cn/hutool/hutool-all/5.5.8/hutool-all-5.5.8.jar:/Users/slimbloody/.m2/repository/org/springframework/boot/spring-boot-starter-web/2.3.2.RELEASE/spring-boot-starter-web-2.3.2.RELEASE.jar:/Users/slimbloody/.m2/repository/org/springframework/boot/spring-boot-starter/2.3.2.RELEASE/spring-boot-starter-2.3.2.RELEASE.jar:/Users/slimbloody/.m2/repository/org/springframework/boot/spring-boot-starter-logging/2.3.2.RELEASE/spring-boot-starter-logging-2.3.2.RELEASE.jar:/Users/slimbloody/.m2/repository/ch/qos/logback/logback-classic/1.2.3/logback-classic-1.2.3.jar:/Users/slimbloody/.m2/repository/ch/qos/logback/logback-core/1.2.3/logback-core-1.2.3.jar:/Users/slimbloody/.m2/repository/org/apache/logging/log4j/log4j-to-slf4j/2.13.3/log4j-to-slf4j-2.13.3.jar:/Users/slimbloody/.m2/repository/org/apache/logging/log4j/log4j-api/2.13.3/log4j-api-2.13.3.jar:/Users/slimbloody/.m2/repository/org/slf4j/jul-to-slf4j/1.7.30/jul-to-slf4j-1.7.30.jar:/Users/slimbloody/.m2/repository/jakarta/annotation/jakarta.annotation-api/1.3.5/jakarta.annotation-api-1.3.5.jar:/Users/slimbloody/.m2/repository/org/springframework/spring-core/5.2.8.RELEASE/spring-core-5.2.8.RELEASE.jar:/Users/slimbloody/.m2/repository/org/springframework/spring-jcl/5.2.8.RELEASE/spring-jcl-5.2.8.RELEASE.jar:/Users/slimbloody/.m2/repository/org/yaml/snakeyaml/1.26/snakeyaml-1.26.jar:/Users/slimbloody/.m2/repository/org/springframework/boot/spring-boot-starter-json/2.3.2.RELEASE/spring-boot-starter-json-2.3.2.RELEASE.jar:/Users/slimbloody/.m2/repository/com/fasterxml/jackson/datatype/jackson-datatype-jdk8/2.11.1/jackson-datatype-jdk8-2.11.1.jar:/Users/slimbloody/.m2/repository/com/fasterxml/jackson/datatype/jackson-datatype-jsr310/2.11.1/jackson-datatype-jsr310-2.11.1.jar:/Users/slimbloody/.m2/repository/com/fasterxml/jackson/module/jackson-module-parameter-names/2.11.1/jackson-module-parameter-names-2.11.1.jar:/Users/slimbloody/.m2/repository/org/springframework/boot/spring-boot-starter-tomcat/2.3.2.RELEASE/spring-boot-starter-tomcat-2.3.2.RELEASE.jar:/Users/slimbloody/.m2/repository/org/apache/tomcat/embed/tomcat-embed-core/9.0.37/tomcat-embed-core-9.0.37.jar:/Users/slimbloody/.m2/repository/org/glassfish/jakarta.el/3.0.3/jakarta.el-3.0.3.jar:/Users/slimbloody/.m2/repository/org/apache/tomcat/embed/tomcat-embed-websocket/9.0.37/tomcat-embed-websocket-9.0.37.jar:/Users/slimbloody/.m2/repository/org/springframework/spring-web/5.2.8.RELEASE/spring-web-5.2.8.RELEASE.jar:/Users/slimbloody/.m2/repository/org/springframework/spring-beans/5.2.8.RELEASE/spring-beans-5.2.8.RELEASE.jar:/Users/slimbloody/.m2/repository/org/springframework/spring-webmvc/5.2.8.RELEASE/spring-webmvc-5.2.8.RELEASE.jar:/Users/slimbloody/.m2/repository/org/springframework/spring-aop/5.2.8.RELEASE/spring-aop-5.2.8.RELEASE.jar:/Users/slimbloody/.m2/repository/org/springframework/spring-context/5.2.8.RELEASE/spring-context-5.2.8.RELEASE.jar:/Users/slimbloody/.m2/repository/org/springframework/spring-expression/5.2.8.RELEASE/spring-expression-5.2.8.RELEASE.jar:/Users/slimbloody/.m2/repository/org/springframework/boot/spring-boot-starter-actuator/2.3.2.RELEASE/spring-boot-starter-actuator-2.3.2.RELEASE.jar:/Users/slimbloody/.m2/repository/org/springframework/boot/spring-boot-actuator-autoconfigure/2.3.2.RELEASE/spring-boot-actuator-autoconfigure-2.3.2.RELEASE.jar:/Users/slimbloody/.m2/repository/org/springframework/boot/spring-boot-actuator/2.3.2.RELEASE/spring-boot-actuator-2.3.2.RELEASE.jar:/Users/slimbloody/.m2/repository/io/micrometer/micrometer-core/1.5.3/micrometer-core-1.5.3.jar:/Users/slimbloody/.m2/repository/org/hdrhistogram/HdrHistogram/2.1.12/HdrHistogram-2.1.12.jar:/Users/slimbloody/.m2/repository/org/latencyutils/LatencyUtils/2.0.3/LatencyUtils-2.0.3.jar:/Users/slimbloody/.m2/repository/org/mybatis/spring/boot/mybatis-spring-boot-starter/2.1.3/mybatis-spring-boot-starter-2.1.3.jar:/Users/slimbloody/.m2/repository/org/springframework/boot/spring-boot-starter-jdbc/2.3.2.RELEASE/spring-boot-starter-jdbc-2.3.2.RELEASE.jar:/Users/slimbloody/.m2/repository/com/zaxxer/HikariCP/3.4.5/HikariCP-3.4.5.jar:/Users/slimbloody/.m2/repository/org/springframework/spring-jdbc/5.2.8.RELEASE/spring-jdbc-5.2.8.RELEASE.jar:/Users/slimbloody/.m2/repository/org/springframework/spring-tx/5.2.8.RELEASE/spring-tx-5.2.8.RELEASE.jar:/Users/slimbloody/.m2/repository/org/mybatis/spring/boot/mybatis-spring-boot-autoconfigure/2.1.3/mybatis-spring-boot-autoconfigure-2.1.3.jar:/Users/slimbloody/.m2/repository/org/mybatis/mybatis/3.5.5/mybatis-3.5.5.jar:/Users/slimbloody/.m2/repository/org/mybatis/mybatis-spring/2.0.5/mybatis-spring-2.0.5.jar:/Users/slimbloody/.m2/repository/com/alibaba/druid-spring-boot-starter/1.1.10/druid-spring-boot-starter-1.1.10.jar:/Users/slimbloody/.m2/repository/com/alibaba/druid/1.1.10/druid-1.1.10.jar:/Users/slimbloody/.m2/repository/org/slf4j/slf4j-api/1.7.30/slf4j-api-1.7.30.jar:/Users/slimbloody/.m2/repository/org/springframework/boot/spring-boot-autoconfigure/2.3.2.RELEASE/spring-boot-autoconfigure-2.3.2.RELEASE.jar:/Users/slimbloody/.m2/repository/org/springframework/boot/spring-boot-devtools/2.3.2.RELEASE/spring-boot-devtools-2.3.2.RELEASE.jar:/Users/slimbloody/.m2/repository/org/springframework/boot/spring-boot/2.3.2.RELEASE/spring-boot-2.3.2.RELEASE.jar:/Users/slimbloody/.m2/repository/org/springframework/boot/spring-boot-configuration-processor/2.3.2.RELEASE/spring-boot-configuration-processor-2.3.2.RELEASE.jar:/Users/slimbloody/.m2/repository/org/mybatis/generator/mybatis-generator-core/1.4.0/mybatis-generator-core-1.4.0.jar:/Users/slimbloody/.m2/repository/org/mybatis/generator/mybatis-generator-maven-plugin/1.4.0/mybatis-generator-maven-plugin-1.4.0.jar:/Users/slimbloody/.m2/repository/com/github/pagehelper/pagehelper/5.2.0/pagehelper-5.2.0.jar:/Users/slimbloody/.m2/repository/com/github/jsqlparser/jsqlparser/3.2/jsqlparser-3.2.jar:/Users/slimbloody/.m2/repository/mysql/mysql-connector-java/5.1.47/mysql-connector-java-5.1.47.jar:/Users/slimbloody/.m2/repository/org/projectlombok/lombok/1.18.12/lombok-1.18.12.jar:/Users/slimbloody/.m2/repository/junit/junit/4.11/junit-4.11.jar:/Users/slimbloody/.m2/repository/org/hamcrest/hamcrest-core/2.2/hamcrest-core-2.2.jar:/Users/slimbloody/.m2/repository/org/hamcrest/hamcrest/2.2/hamcrest-2.2.jar:"/>
    <property name="java.vm.vendor" value="Oracle Corporation"/>
    <property name="sun.arch.data.model" value="64"/>
    <property name="java.vendor.url" value="http://java.oracle.com/"/>
    <property name="user.timezone" value="Asia/Shanghai"/>
    <property name="user.country.format" value="CN"/>
    <property name="java.vm.specification.version" value="1.8"/>
    <property name="os.name" value="Mac OS X"/>
    <property name="user.country" value="US"/>
    <property name="sun.java.launcher" value="SUN_STANDARD"/>
    <property name="sun.boot.library.path" value="/Library/Java/JavaVirtualMachines/jdk1.8.0.jdk/Contents/Home/jre/lib"/>
    <property name="sun.java.command" value="/Users/slimbloody/java_summon/cloud-demo/cloud-provider/target/surefire/surefirebooter4106146074766601676.jar /Users/slimbloody/java_summon/cloud-demo/cloud-provider/target/surefire 2021-02-06T15-09-13_603-jvmRun1 surefire72948178462831982tmp surefire_01149675718646149908tmp"/>
    <property name="surefire.test.class.path" value="/Users/slimbloody/java_summon/cloud-demo/cloud-provider/target/test-classes:/Users/slimbloody/java_summon/cloud-demo/cloud-provider/target/classes:/Users/slimbloody/.m2/repository/org/springframework/cloud/spring-cloud-starter-netflix-eureka-client/2.2.6.RELEASE/spring-cloud-starter-netflix-eureka-client-2.2.6.RELEASE.jar:/Users/slimbloody/.m2/repository/org/springframework/cloud/spring-cloud-starter/2.2.6.RELEASE/spring-cloud-starter-2.2.6.RELEASE.jar:/Users/slimbloody/.m2/repository/org/springframework/cloud/spring-cloud-context/2.2.6.RELEASE/spring-cloud-context-2.2.6.RELEASE.jar:/Users/slimbloody/.m2/repository/org/springframework/security/spring-security-crypto/5.3.3.RELEASE/spring-security-crypto-5.3.3.RELEASE.jar:/Users/slimbloody/.m2/repository/org/springframework/cloud/spring-cloud-commons/2.2.6.RELEASE/spring-cloud-commons-2.2.6.RELEASE.jar:/Users/slimbloody/.m2/repository/org/springframework/security/spring-security-rsa/1.0.9.RELEASE/spring-security-rsa-1.0.9.RELEASE.jar:/Users/slimbloody/.m2/repository/org/bouncycastle/bcpkix-jdk15on/1.64/bcpkix-jdk15on-1.64.jar:/Users/slimbloody/.m2/repository/org/bouncycastle/bcprov-jdk15on/1.64/bcprov-jdk15on-1.64.jar:/Users/slimbloody/.m2/repository/org/springframework/cloud/spring-cloud-netflix-hystrix/2.2.6.RELEASE/spring-cloud-netflix-hystrix-2.2.6.RELEASE.jar:/Users/slimbloody/.m2/repository/org/springframework/boot/spring-boot-starter-aop/2.3.2.RELEASE/spring-boot-starter-aop-2.3.2.RELEASE.jar:/Users/slimbloody/.m2/repository/org/aspectj/aspectjweaver/1.9.6/aspectjweaver-1.9.6.jar:/Users/slimbloody/.m2/repository/org/springframework/cloud/spring-cloud-netflix-eureka-client/2.2.6.RELEASE/spring-cloud-netflix-eureka-client-2.2.6.RELEASE.jar:/Users/slimbloody/.m2/repository/com/netflix/eureka/eureka-client/1.10.7/eureka-client-1.10.7.jar:/Users/slimbloody/.m2/repository/com/netflix/netflix-commons/netflix-eventbus/0.3.0/netflix-eventbus-0.3.0.jar:/Users/slimbloody/.m2/repository/com/netflix/netflix-commons/netflix-infix/0.3.0/netflix-infix-0.3.0.jar:/Users/slimbloody/.m2/repository/commons-jxpath/commons-jxpath/1.3/commons-jxpath-1.3.jar:/Users/slimbloody/.m2/repository/joda-time/joda-time/2.3/joda-time-2.3.jar:/Users/slimbloody/.m2/repository/org/antlr/antlr-runtime/3.4/antlr-runtime-3.4.jar:/Users/slimbloody/.m2/repository/org/antlr/stringtemplate/3.2.1/stringtemplate-3.2.1.jar:/Users/slimbloody/.m2/repository/com/google/code/gson/gson/2.8.6/gson-2.8.6.jar:/Users/slimbloody/.m2/repository/org/apache/commons/commons-math/2.2/commons-math-2.2.jar:/Users/slimbloody/.m2/repository/com/netflix/archaius/archaius-core/0.7.6/archaius-core-0.7.6.jar:/Users/slimbloody/.m2/repository/com/google/guava/guava/29.0-jre/guava-29.0-jre.jar:/Users/slimbloody/.m2/repository/com/google/guava/failureaccess/1.0.1/failureaccess-1.0.1.jar:/Users/slimbloody/.m2/repository/com/google/guava/listenablefuture/9999.0-empty-to-avoid-conflict-with-guava/listenablefuture-9999.0-empty-to-avoid-conflict-with-guava.jar:/Users/slimbloody/.m2/repository/org/checkerframework/checker-qual/2.11.1/checker-qual-2.11.1.jar:/Users/slimbloody/.m2/repository/com/google/errorprone/error_prone_annotations/2.3.4/error_prone_annotations-2.3.4.jar:/Users/slimbloody/.m2/repository/com/google/j2objc/j2objc-annotations/1.3/j2objc-annotations-1.3.jar:/Users/slimbloody/.m2/repository/javax/ws/rs/jsr311-api/1.1.1/jsr311-api-1.1.1.jar:/Users/slimbloody/.m2/repository/com/netflix/servo/servo-core/0.12.21/servo-core-0.12.21.jar:/Users/slimbloody/.m2/repository/com/sun/jersey/jersey-core/1.19.1/jersey-core-1.19.1.jar:/Users/slimbloody/.m2/repository/com/sun/jersey/jersey-client/1.19.1/jersey-client-1.19.1.jar:/Users/slimbloody/.m2/repository/com/sun/jersey/contribs/jersey-apache-client4/1.19.1/jersey-apache-client4-1.19.1.jar:/Users/slimbloody/.m2/repository/org/apache/httpcomponents/httpclient/4.5.12/httpclient-4.5.12.jar:/Users/slimbloody/.m2/repository/commons-configuration/commons-configuration/1.10/commons-configuration-1.10.jar:/Users/slimbloody/.m2/repository/com/google/inject/guice/4.1.0/guice-4.1.0.jar:/Users/slimbloody/.m2/repository/javax/inject/javax.inject/1/javax.inject-1.jar:/Users/slimbloody/.m2/repository/aopalliance/aopalliance/1.0/aopalliance-1.0.jar:/Users/slimbloody/.m2/repository/com/fasterxml/jackson/core/jackson-annotations/2.11.1/jackson-annotations-2.11.1.jar:/Users/slimbloody/.m2/repository/com/fasterxml/jackson/core/jackson-core/2.11.1/jackson-core-2.11.1.jar:/Users/slimbloody/.m2/repository/com/fasterxml/jackson/core/jackson-databind/2.11.1/jackson-databind-2.11.1.jar:/Users/slimbloody/.m2/repository/org/codehaus/jettison/jettison/1.3.7/jettison-1.3.7.jar:/Users/slimbloody/.m2/repository/stax/stax-api/1.0.1/stax-api-1.0.1.jar:/Users/slimbloody/.m2/repository/com/netflix/eureka/eureka-core/1.10.7/eureka-core-1.10.7.jar:/Users/slimbloody/.m2/repository/com/fasterxml/woodstox/woodstox-core/5.3.0/woodstox-core-5.3.0.jar:/Users/slimbloody/.m2/repository/org/codehaus/woodstox/stax2-api/4.2/stax2-api-4.2.jar:/Users/slimbloody/.m2/repository/org/springframework/cloud/spring-cloud-starter-netflix-archaius/2.2.6.RELEASE/spring-cloud-starter-netflix-archaius-2.2.6.RELEASE.jar:/Users/slimbloody/.m2/repository/org/springframework/cloud/spring-cloud-netflix-ribbon/2.2.6.RELEASE/spring-cloud-netflix-ribbon-2.2.6.RELEASE.jar:/Users/slimbloody/.m2/repository/org/springframework/cloud/spring-cloud-netflix-archaius/2.2.6.RELEASE/spring-cloud-netflix-archaius-2.2.6.RELEASE.jar:/Users/slimbloody/.m2/repository/org/springframework/cloud/spring-cloud-starter-netflix-ribbon/2.2.6.RELEASE/spring-cloud-starter-netflix-ribbon-2.2.6.RELEASE.jar:/Users/slimbloody/.m2/repository/com/netflix/ribbon/ribbon/2.3.0/ribbon-2.3.0.jar:/Users/slimbloody/.m2/repository/com/netflix/ribbon/ribbon-transport/2.3.0/ribbon-transport-2.3.0.jar:/Users/slimbloody/.m2/repository/io/reactivex/rxnetty-contexts/0.4.9/rxnetty-contexts-0.4.9.jar:/Users/slimbloody/.m2/repository/io/reactivex/rxnetty-servo/0.4.9/rxnetty-servo-0.4.9.jar:/Users/slimbloody/.m2/repository/com/netflix/hystrix/hystrix-core/1.5.18/hystrix-core-1.5.18.jar:/Users/slimbloody/.m2/repository/io/reactivex/rxnetty/0.4.9/rxnetty-0.4.9.jar:/Users/slimbloody/.m2/repository/com/netflix/ribbon/ribbon-core/2.3.0/ribbon-core-2.3.0.jar:/Users/slimbloody/.m2/repository/com/netflix/ribbon/ribbon-httpclient/2.3.0/ribbon-httpclient-2.3.0.jar:/Users/slimbloody/.m2/repository/com/netflix/netflix-commons/netflix-commons-util/0.3.0/netflix-commons-util-0.3.0.jar:/Users/slimbloody/.m2/repository/com/netflix/ribbon/ribbon-loadbalancer/2.3.0/ribbon-loadbalancer-2.3.0.jar:/Users/slimbloody/.m2/repository/com/netflix/netflix-commons/netflix-statistics/0.1.1/netflix-statistics-0.1.1.jar:/Users/slimbloody/.m2/repository/io/reactivex/rxjava/1.3.8/rxjava-1.3.8.jar:/Users/slimbloody/.m2/repository/org/springframework/cloud/spring-cloud-starter-loadbalancer/2.2.6.RELEASE/spring-cloud-starter-loadbalancer-2.2.6.RELEASE.jar:/Users/slimbloody/.m2/repository/org/springframework/cloud/spring-cloud-loadbalancer/2.2.6.RELEASE/spring-cloud-loadbalancer-2.2.6.RELEASE.jar:/Users/slimbloody/.m2/repository/org/springframework/boot/spring-boot-starter-validation/2.3.2.RELEASE/spring-boot-starter-validation-2.3.2.RELEASE.jar:/Users/slimbloody/.m2/repository/org/hibernate/validator/hibernate-validator/6.1.5.Final/hibernate-validator-6.1.5.Final.jar:/Users/slimbloody/.m2/repository/jakarta/validation/jakarta.validation-api/2.0.2/jakarta.validation-api-2.0.2.jar:/Users/slimbloody/.m2/repository/org/jboss/logging/jboss-logging/3.4.1.Final/jboss-logging-3.4.1.Final.jar:/Users/slimbloody/.m2/repository/com/fasterxml/classmate/1.5.1/classmate-1.5.1.jar:/Users/slimbloody/.m2/repository/io/projectreactor/reactor-core/3.3.8.RELEASE/reactor-core-3.3.8.RELEASE.jar:/Users/slimbloody/.m2/repository/org/reactivestreams/reactive-streams/1.0.3/reactive-streams-1.0.3.jar:/Users/slimbloody/.m2/repository/io/projectreactor/addons/reactor-extra/3.3.3.RELEASE/reactor-extra-3.3.3.RELEASE.jar:/Users/slimbloody/.m2/repository/org/springframework/boot/spring-boot-starter-cache/2.3.2.RELEASE/spring-boot-starter-cache-2.3.2.RELEASE.jar:/Users/slimbloody/.m2/repository/org/springframework/spring-context-support/5.2.8.RELEASE/spring-context-support-5.2.8.RELEASE.jar:/Users/slimbloody/.m2/repository/com/stoyanr/evictor/1.0.0/evictor-1.0.0.jar:/Users/slimbloody/.m2/repository/com/netflix/ribbon/ribbon-eureka/2.3.0/ribbon-eureka-2.3.0.jar:/Users/slimbloody/.m2/repository/com/thoughtworks/xstream/xstream/1.4.13/xstream-1.4.13.jar:/Users/slimbloody/.m2/repository/xmlpull/xmlpull/1.1.3.1/xmlpull-1.1.3.1.jar:/Users/slimbloody/.m2/repository/xpp3/xpp3_min/1.1.4c/xpp3_min-1.1.4c.jar:/Users/slimbloody/.m2/repository/org/apache/maven/plugins/maven-project-info-reports-plugin/3.0.0/maven-project-info-reports-plugin-3.0.0.jar:/Users/slimbloody/.m2/repository/org/apache/maven/reporting/maven-reporting-api/3.0/maven-reporting-api-3.0.jar:/Users/slimbloody/.m2/repository/org/apache/maven/reporting/maven-reporting-impl/3.0.0/maven-reporting-impl-3.0.0.jar:/Users/slimbloody/.m2/repository/org/apache/maven/shared/maven-shared-utils/3.2.0/maven-shared-utils-3.2.0.jar:/Users/slimbloody/.m2/repository/org/apache/maven/maven-artifact/3.0/maven-artifact-3.0.jar:/Users/slimbloody/.m2/repository/org/apache/maven/maven-core/3.0/maven-core-3.0.jar:/Users/slimbloody/.m2/repository/org/apache/maven/maven-settings-builder/3.0/maven-settings-builder-3.0.jar:/Users/slimbloody/.m2/repository/org/apache/maven/maven-model-builder/3.0/maven-model-builder-3.0.jar:/Users/slimbloody/.m2/repository/org/apache/maven/maven-aether-provider/3.0/maven-aether-provider-3.0.jar:/Users/slimbloody/.m2/repository/org/sonatype/aether/aether-impl/1.7/aether-impl-1.7.jar:/Users/slimbloody/.m2/repository/org/sonatype/aether/aether-spi/1.7/aether-spi-1.7.jar:/Users/slimbloody/.m2/repository/org/sonatype/aether/aether-api/1.7/aether-api-1.7.jar:/Users/slimbloody/.m2/repository/org/sonatype/aether/aether-util/1.7/aether-util-1.7.jar:/Users/slimbloody/.m2/repository/org/sonatype/sisu/sisu-inject-plexus/1.4.2/sisu-inject-plexus-1.4.2.jar:/Users/slimbloody/.m2/repository/org/sonatype/sisu/sisu-inject-bean/1.4.2/sisu-inject-bean-1.4.2.jar:/Users/slimbloody/.m2/repository/org/sonatype/sisu/sisu-guice/2.1.7/sisu-guice-2.1.7-noaop.jar:/Users/slimbloody/.m2/repository/org/codehaus/plexus/plexus-classworlds/2.2.3/plexus-classworlds-2.2.3.jar:/Users/slimbloody/.m2/repository/org/codehaus/plexus/plexus-component-annotations/1.5.5/plexus-component-annotations-1.5.5.jar:/Users/slimbloody/.m2/repository/org/sonatype/plexus/plexus-sec-dispatcher/1.3/plexus-sec-dispatcher-1.3.jar:/Users/slimbloody/.m2/repository/org/sonatype/plexus/plexus-cipher/1.4/plexus-cipher-1.4.jar:/Users/slimbloody/.m2/repository/org/apache/maven/maven-model/3.0/maven-model-3.0.jar:/Users/slimbloody/.m2/repository/org/apache/maven/maven-plugin-api/3.0/maven-plugin-api-3.0.jar:/Users/slimbloody/.m2/repository/org/apache/maven/maven-repository-metadata/3.0/maven-repository-metadata-3.0.jar:/Users/slimbloody/.m2/repository/org/apache/maven/maven-settings/3.0/maven-settings-3.0.jar:/Users/slimbloody/.m2/repository/org/apache/maven/shared/maven-dependency-tree/2.2/maven-dependency-tree-2.2.jar:/Users/slimbloody/.m2/repository/org/eclipse/aether/aether-util/0.9.0.M2/aether-util-0.9.0.M2.jar:/Users/slimbloody/.m2/repository/org/apache/maven/shared/maven-shared-jar/1.2/maven-shared-jar-1.2.jar:/Users/slimbloody/.m2/repository/org/codehaus/plexus/plexus-digest/1.0/plexus-digest-1.0.jar:/Users/slimbloody/.m2/repository/org/codehaus/plexus/plexus-container-default/1.0-alpha-8/plexus-container-default-1.0-alpha-8.jar:/Users/slimbloody/.m2/repository/classworlds/classworlds/1.1-alpha-2/classworlds-1.1-alpha-2.jar:/Users/slimbloody/.m2/repository/commons-collections/commons-collections/3.1/commons-collections-3.1.jar:/Users/slimbloody/.m2/repository/org/apache/bcel/bcel/6.2/bcel-6.2.jar:/Users/slimbloody/.m2/repository/org/apache/maven/shared/maven-common-artifact-filters/3.0.1/maven-common-artifact-filters-3.0.1.jar:/Users/slimbloody/.m2/repository/org/apache/maven/shared/maven-artifact-transfer/0.9.1/maven-artifact-transfer-0.9.1.jar:/Users/slimbloody/.m2/repository/commons-codec/commons-codec/1.14/commons-codec-1.14.jar:/Users/slimbloody/.m2/repository/org/apache/maven/scm/maven-scm-api/1.10.0/maven-scm-api-1.10.0.jar:/Users/slimbloody/.m2/repository/org/apache/maven/scm/maven-scm-manager-plexus/1.10.0/maven-scm-manager-plexus-1.10.0.jar:/Users/slimbloody/.m2/repository/org/apache/maven/scm/maven-scm-provider-hg/1.10.0/maven-scm-provider-hg-1.10.0.jar:/Users/slimbloody/.m2/repository/org/apache/maven/scm/maven-scm-provider-perforce/1.10.0/maven-scm-provider-perforce-1.10.0.jar:/Users/slimbloody/.m2/repository/org/apache/maven/scm/maven-scm-provider-starteam/1.10.0/maven-scm-provider-starteam-1.10.0.jar:/Users/slimbloody/.m2/repository/org/apache/maven/scm/maven-scm-provider-svn-commons/1.10.0/maven-scm-provider-svn-commons-1.10.0.jar:/Users/slimbloody/.m2/repository/org/apache/maven/scm/maven-scm-provider-svnexe/1.10.0/maven-scm-provider-svnexe-1.10.0.jar:/Users/slimbloody/.m2/repository/commons-lang/commons-lang/2.6/commons-lang-2.6.jar:/Users/slimbloody/.m2/repository/org/apache/maven/scm/maven-scm-provider-cvs-commons/1.10.0/maven-scm-provider-cvs-commons-1.10.0.jar:/Users/slimbloody/.m2/repository/org/apache/maven/scm/maven-scm-provider-cvsexe/1.10.0/maven-scm-provider-cvsexe-1.10.0.jar:/Users/slimbloody/.m2/repository/org/apache/maven/scm/maven-scm-provider-cvsjava/1.10.0/maven-scm-provider-cvsjava-1.10.0.jar:/Users/slimbloody/.m2/repository/org/netbeans/lib/cvsclient/20060125/cvsclient-20060125.jar:/Users/slimbloody/.m2/repository/ch/ethz/ganymed/ganymed-ssh2/build210/ganymed-ssh2-build210.jar:/Users/slimbloody/.m2/repository/org/apache/maven/scm/maven-scm-provider-git-commons/1.10.0/maven-scm-provider-git-commons-1.10.0.jar:/Users/slimbloody/.m2/repository/org/apache/maven/scm/maven-scm-provider-gitexe/1.10.0/maven-scm-provider-gitexe-1.10.0.jar:/Users/slimbloody/.m2/repository/commons-io/commons-io/2.2/commons-io-2.2.jar:/Users/slimbloody/.m2/repository/org/apache/maven/doxia/doxia-sink-api/1.8/doxia-sink-api-1.8.jar:/Users/slimbloody/.m2/repository/org/apache/maven/doxia/doxia-logging-api/1.8/doxia-logging-api-1.8.jar:/Users/slimbloody/.m2/repository/org/apache/maven/doxia/doxia-core/1.8/doxia-core-1.8.jar:/Users/slimbloody/.m2/repository/org/apache/commons/commons-lang3/3.10/commons-lang3-3.10.jar:/Users/slimbloody/.m2/repository/org/apache/httpcomponents/httpcore/4.4.13/httpcore-4.4.13.jar:/Users/slimbloody/.m2/repository/org/apache/maven/doxia/doxia-decoration-model/1.8.1/doxia-decoration-model-1.8.1.jar:/Users/slimbloody/.m2/repository/org/apache/maven/doxia/doxia-site-renderer/1.8.1/doxia-site-renderer-1.8.1.jar:/Users/slimbloody/.m2/repository/org/apache/maven/doxia/doxia-skin-model/1.8.1/doxia-skin-model-1.8.1.jar:/Users/slimbloody/.m2/repository/org/apache/maven/doxia/doxia-module-xhtml/1.8/doxia-module-xhtml-1.8.jar:/Users/slimbloody/.m2/repository/org/codehaus/plexus/plexus-velocity/1.2/plexus-velocity-1.2.jar:/Users/slimbloody/.m2/repository/org/apache/velocity/velocity/1.7/velocity-1.7.jar:/Users/slimbloody/.m2/repository/org/apache/velocity/velocity-tools/2.0/velocity-tools-2.0.jar:/Users/slimbloody/.m2/repository/commons-chain/commons-chain/1.1/commons-chain-1.1.jar:/Users/slimbloody/.m2/repository/dom4j/dom4j/1.1/dom4j-1.1.jar:/Users/slimbloody/.m2/repository/oro/oro/2.0.8/oro-2.0.8.jar:/Users/slimbloody/.m2/repository/sslext/sslext/1.2-0/sslext-1.2-0.jar:/Users/slimbloody/.m2/repository/org/apache/struts/struts-core/1.3.8/struts-core-1.3.8.jar:/Users/slimbloody/.m2/repository/antlr/antlr/2.7.7/antlr-2.7.7.jar:/Users/slimbloody/.m2/repository/org/apache/struts/struts-taglib/1.3.8/struts-taglib-1.3.8.jar:/Users/slimbloody/.m2/repository/org/apache/struts/struts-tiles/1.3.8/struts-tiles-1.3.8.jar:/Users/slimbloody/.m2/repository/org/apache/maven/doxia/doxia-integration-tools/1.8.1/doxia-integration-tools-1.8.1.jar:/Users/slimbloody/.m2/repository/org/codehaus/plexus/plexus-i18n/1.0-beta-10/plexus-i18n-1.0-beta-10.jar:/Users/slimbloody/.m2/repository/org/codehaus/plexus/plexus-utils/3.1.0/plexus-utils-3.1.0.jar:/Users/slimbloody/.m2/repository/org/codehaus/plexus/plexus-interpolation/1.25/plexus-interpolation-1.25.jar:/Users/slimbloody/.m2/repository/org/apache/maven/wagon/wagon-http-lightweight/3.1.0/wagon-http-lightweight-3.1.0.jar:/Users/slimbloody/.m2/repository/org/apache/maven/wagon/wagon-http-shared/3.1.0/wagon-http-shared-3.1.0.jar:/Users/slimbloody/.m2/repository/org/jsoup/jsoup/1.11.2/jsoup-1.11.2.jar:/Users/slimbloody/.m2/repository/org/apache/maven/wagon/wagon-provider-api/3.1.0/wagon-provider-api-3.1.0.jar:/Users/slimbloody/.m2/repository/commons-validator/commons-validator/1.6/commons-validator-1.6.jar:/Users/slimbloody/.m2/repository/commons-beanutils/commons-beanutils/1.9.2/commons-beanutils-1.9.2.jar:/Users/slimbloody/.m2/repository/commons-digester/commons-digester/1.8.1/commons-digester-1.8.1.jar:/Users/slimbloody/.m2/repository/commons-logging/commons-logging/1.2/commons-logging-1.2.jar:/Users/slimbloody/java_summon/cloud-demo/common-api/target/common-api.jar:/Users/slimbloody/.m2/repository/cn/hutool/hutool-all/5.5.8/hutool-all-5.5.8.jar:/Users/slimbloody/.m2/repository/org/springframework/boot/spring-boot-starter-web/2.3.2.RELEASE/spring-boot-starter-web-2.3.2.RELEASE.jar:/Users/slimbloody/.m2/repository/org/springframework/boot/spring-boot-starter/2.3.2.RELEASE/spring-boot-starter-2.3.2.RELEASE.jar:/Users/slimbloody/.m2/repository/org/springframework/boot/spring-boot-starter-logging/2.3.2.RELEASE/spring-boot-starter-logging-2.3.2.RELEASE.jar:/Users/slimbloody/.m2/repository/ch/qos/logback/logback-classic/1.2.3/logback-classic-1.2.3.jar:/Users/slimbloody/.m2/repository/ch/qos/logback/logback-core/1.2.3/logback-core-1.2.3.jar:/Users/slimbloody/.m2/repository/org/apache/logging/log4j/log4j-to-slf4j/2.13.3/log4j-to-slf4j-2.13.3.jar:/Users/slimbloody/.m2/repository/org/apache/logging/log4j/log4j-api/2.13.3/log4j-api-2.13.3.jar:/Users/slimbloody/.m2/repository/org/slf4j/jul-to-slf4j/1.7.30/jul-to-slf4j-1.7.30.jar:/Users/slimbloody/.m2/repository/jakarta/annotation/jakarta.annotation-api/1.3.5/jakarta.annotation-api-1.3.5.jar:/Users/slimbloody/.m2/repository/org/springframework/spring-core/5.2.8.RELEASE/spring-core-5.2.8.RELEASE.jar:/Users/slimbloody/.m2/repository/org/springframework/spring-jcl/5.2.8.RELEASE/spring-jcl-5.2.8.RELEASE.jar:/Users/slimbloody/.m2/repository/org/yaml/snakeyaml/1.26/snakeyaml-1.26.jar:/Users/slimbloody/.m2/repository/org/springframework/boot/spring-boot-starter-json/2.3.2.RELEASE/spring-boot-starter-json-2.3.2.RELEASE.jar:/Users/slimbloody/.m2/repository/com/fasterxml/jackson/datatype/jackson-datatype-jdk8/2.11.1/jackson-datatype-jdk8-2.11.1.jar:/Users/slimbloody/.m2/repository/com/fasterxml/jackson/datatype/jackson-datatype-jsr310/2.11.1/jackson-datatype-jsr310-2.11.1.jar:/Users/slimbloody/.m2/repository/com/fasterxml/jackson/module/jackson-module-parameter-names/2.11.1/jackson-module-parameter-names-2.11.1.jar:/Users/slimbloody/.m2/repository/org/springframework/boot/spring-boot-starter-tomcat/2.3.2.RELEASE/spring-boot-starter-tomcat-2.3.2.RELEASE.jar:/Users/slimbloody/.m2/repository/org/apache/tomcat/embed/tomcat-embed-core/9.0.37/tomcat-embed-core-9.0.37.jar:/Users/slimbloody/.m2/repository/org/glassfish/jakarta.el/3.0.3/jakarta.el-3.0.3.jar:/Users/slimbloody/.m2/repository/org/apache/tomcat/embed/tomcat-embed-websocket/9.0.37/tomcat-embed-websocket-9.0.37.jar:/Users/slimbloody/.m2/repository/org/springframework/spring-web/5.2.8.RELEASE/spring-web-5.2.8.RELEASE.jar:/Users/slimbloody/.m2/repository/org/springframework/spring-beans/5.2.8.RELEASE/spring-beans-5.2.8.RELEASE.jar:/Users/slimbloody/.m2/repository/org/springframework/spring-webmvc/5.2.8.RELEASE/spring-webmvc-5.2.8.RELEASE.jar:/Users/slimbloody/.m2/repository/org/springframework/spring-aop/5.2.8.RELEASE/spring-aop-5.2.8.RELEASE.jar:/Users/slimbloody/.m2/repository/org/springframework/spring-context/5.2.8.RELEASE/spring-context-5.2.8.RELEASE.jar:/Users/slimbloody/.m2/repository/org/springframework/spring-expression/5.2.8.RELEASE/spring-expression-5.2.8.RELEASE.jar:/Users/slimbloody/.m2/repository/org/springframework/boot/spring-boot-starter-actuator/2.3.2.RELEASE/spring-boot-starter-actuator-2.3.2.RELEASE.jar:/Users/slimbloody/.m2/repository/org/springframework/boot/spring-boot-actuator-autoconfigure/2.3.2.RELEASE/spring-boot-actuator-autoconfigure-2.3.2.RELEASE.jar:/Users/slimbloody/.m2/repository/org/springframework/boot/spring-boot-actuator/2.3.2.RELEASE/spring-boot-actuator-2.3.2.RELEASE.jar:/Users/slimbloody/.m2/repository/io/micrometer/micrometer-core/1.5.3/micrometer-core-1.5.3.jar:/Users/slimbloody/.m2/repository/org/hdrhistogram/HdrHistogram/2.1.12/HdrHistogram-2.1.12.jar:/Users/slimbloody/.m2/repository/org/latencyutils/LatencyUtils/2.0.3/LatencyUtils-2.0.3.jar:/Users/slimbloody/.m2/repository/org/mybatis/spring/boot/mybatis-spring-boot-starter/2.1.3/mybatis-spring-boot-starter-2.1.3.jar:/Users/slimbloody/.m2/repository/org/springframework/boot/spring-boot-starter-jdbc/2.3.2.RELEASE/spring-boot-starter-jdbc-2.3.2.RELEASE.jar:/Users/slimbloody/.m2/repository/com/zaxxer/HikariCP/3.4.5/HikariCP-3.4.5.jar:/Users/slimbloody/.m2/repository/org/springframework/spring-jdbc/5.2.8.RELEASE/spring-jdbc-5.2.8.RELEASE.jar:/Users/slimbloody/.m2/repository/org/springframework/spring-tx/5.2.8.RELEASE/spring-tx-5.2.8.RELEASE.jar:/Users/slimbloody/.m2/repository/org/mybatis/spring/boot/mybatis-spring-boot-autoconfigure/2.1.3/mybatis-spring-boot-autoconfigure-2.1.3.jar:/Users/slimbloody/.m2/repository/org/mybatis/mybatis/3.5.5/mybatis-3.5.5.jar:/Users/slimbloody/.m2/repository/org/mybatis/mybatis-spring/2.0.5/mybatis-spring-2.0.5.jar:/Users/slimbloody/.m2/repository/com/alibaba/druid-spring-boot-starter/1.1.10/druid-spring-boot-starter-1.1.10.jar:/Users/slimbloody/.m2/repository/com/alibaba/druid/1.1.10/druid-1.1.10.jar:/Users/slimbloody/.m2/repository/org/slf4j/slf4j-api/1.7.30/slf4j-api-1.7.30.jar:/Users/slimbloody/.m2/repository/org/springframework/boot/spring-boot-autoconfigure/2.3.2.RELEASE/spring-boot-autoconfigure-2.3.2.RELEASE.jar:/Users/slimbloody/.m2/repository/org/springframework/boot/spring-boot-devtools/2.3.2.RELEASE/spring-boot-devtools-2.3.2.RELEASE.jar:/Users/slimbloody/.m2/repository/org/springframework/boot/spring-boot/2.3.2.RELEASE/spring-boot-2.3.2.RELEASE.jar:/Users/slimbloody/.m2/repository/org/springframework/boot/spring-boot-configuration-processor/2.3.2.RELEASE/spring-boot-configuration-processor-2.3.2.RELEASE.jar:/Users/slimbloody/.m2/repository/org/mybatis/generator/mybatis-generator-core/1.4.0/mybatis-generator-core-1.4.0.jar:/Users/slimbloody/.m2/repository/org/mybatis/generator/mybatis-generator-maven-plugin/1.4.0/mybatis-generator-maven-plugin-1.4.0.jar:/Users/slimbloody/.m2/repository/com/github/pagehelper/pagehelper/5.2.0/pagehelper-5.2.0.jar:/Users/slimbloody/.m2/repository/com/github/jsqlparser/jsqlparser/3.2/jsqlparser-3.2.jar:/Users/slimbloody/.m2/repository/mysql/mysql-connector-java/5.1.47/mysql-connector-java-5.1.47.jar:/Users/slimbloody/.m2/repository/org/projectlombok/lombok/1.18.12/lombok-1.18.12.jar:/Users/slimbloody/.m2/repository/junit/junit/4.11/junit-4.11.jar:/Users/slimbloody/.m2/repository/org/hamcrest/hamcrest-core/2.2/hamcrest-core-2.2.jar:/Users/slimbloody/.m2/repository/org/hamcrest/hamcrest/2.2/hamcrest-2.2.jar:"/>
    <property name="sun.cpu.endian" value="little"/>
    <property name="user.home" value="/Users/slimbloody"/>
    <property name="user.language" value="en"/>
    <property name="java.specification.vendor" value="Oracle Corporation"/>
    <property name="java.home" value="/Library/Java/JavaVirtualMachines/jdk1.8.0.jdk/Contents/Home/jre"/>
    <property name="basedir" value="/Users/slimbloody/java_summon/cloud-demo/cloud-provider"/>
    <property name="file.separator" value="/"/>
    <property name="line.separator" value="&#10;"/>
    <property name="java.vm.specification.vendor" value="Oracle Corporation"/>
    <property name="java.specification.name" value="Java Platform API Specification"/>
    <property name="java.awt.graphicsenv" value="sun.awt.CGraphicsEnvironment"/>
    <property name="surefire.real.class.path" value="/Users/slimbloody/java_summon/cloud-demo/cloud-provider/target/surefire/surefirebooter4106146074766601676.jar"/>
    <property name="idea.version2020.1.4" value="true"/>
    <property name="sun.boot.class.path" value="/Library/Java/JavaVirtualMachines/jdk1.8.0.jdk/Contents/Home/jre/lib/resources.jar:/Library/Java/JavaVirtualMachines/jdk1.8.0.jdk/Contents/Home/jre/lib/rt.jar:/Library/Java/JavaVirtualMachines/jdk1.8.0.jdk/Contents/Home/jre/lib/sunrsasign.jar:/Library/Java/JavaVirtualMachines/jdk1.8.0.jdk/Contents/Home/jre/lib/jsse.jar:/Library/Java/JavaVirtualMachines/jdk1.8.0.jdk/Contents/Home/jre/lib/jce.jar:/Library/Java/JavaVirtualMachines/jdk1.8.0.jdk/Contents/Home/jre/lib/charsets.jar:/Library/Java/JavaVirtualMachines/jdk1.8.0.jdk/Contents/Home/jre/lib/jfr.jar:/Library/Java/JavaVirtualMachines/jdk1.8.0.jdk/Contents/Home/jre/classes"/>
    <property name="sun.management.compiler" value="HotSpot 64-Bit Tiered Compilers"/>
    <property name="java.runtime.version" value="1.8.0-b132"/>
    <property name="user.name" value="slimbloody"/>
    <property name="path.separator" value=":"/>
    <property name="os.version" value="10.15.7"/>
    <property name="java.endorsed.dirs" value="/Library/Java/JavaVirtualMachines/jdk1.8.0.jdk/Contents/Home/jre/lib/endorsed"/>
    <property name="java.runtime.name" value="Java(TM) SE Runtime Environment"/>
    <property name="file.encoding" value="UTF-8"/>
    <property name="java.vm.name" value="Java HotSpot(TM) 64-Bit Server VM"/>
    <property name="localRepository" value="/Users/slimbloody/.m2/repository"/>
    <property name="java.vendor.url.bug" value="http://bugreport.sun.com/bugreport/"/>
    <property name="java.io.tmpdir" value="/var/folders/6l/lv_wkdt17r1f428lqdchg3600000gn/T/"/>
    <property name="java.version" value="1.8.0"/>
    <property name="user.dir" value="/Users/slimbloody/java_summon/cloud-demo/cloud-provider"/>
    <property name="os.arch" value="x86_64"/>
    <property name="java.vm.specification.name" value="Java Virtual Machine Specification"/>
    <property name="java.awt.printerjob" value="sun.lwawt.macosx.CPrinterJob"/>
    <property name="sun.os.patch.level" value="unknown"/>
    <property name="java.library.path" value="/Users/slimbloody/Library/Java/Extensions:/Library/Java/Extensions:/Network/Library/Java/Extensions:/System/Library/Java/Extensions:/usr/lib/java:."/>
    <property name="java.vm.info" value="mixed mode"/>
    <property name="java.vendor" value="Oracle Corporation"/>
    <property name="java.vm.version" value="25.0-b70"/>
    <property name="java.ext.dirs" value="/Users/slimbloody/Library/Java/Extensions:/Library/Java/JavaVirtualMachines/jdk1.8.0.jdk/Contents/Home/jre/lib/ext:/Library/Java/Extensions:/Network/Library/Java/Extensions:/System/Library/Java/Extensions:/usr/lib/java"/>
    <property name="sun.io.unicode.encoding" value="UnicodeBig"/>
    <property name="maven.repo.local" value="/Users/slimbloody/.m2/repository"/>
    <property name="java.class.version" value="52.0"/>
  </properties>
  <testcase name="shouldAnswerWithTrue" classname="slimcomp.ProviderApplicationTest" time="0.004"/>
</testsuite>